2025-11-19 13:00:09 [INFO]: 开始处理文件: IQCæ¥ææ£éªå°è´¦ï¼å¤åï¼.xlsx.xlsx, 供应商筛选: 无, 时间筛选: null
2025-11-19 13:00:09 [INFO]: 检测到文件类型: external
2025-11-19 13:00:09 [INFO]: 数据处理统计: 总行数=1622, 有效日期行=1089, 有效结果行=1089, 最终筛选行=1089
2025-11-19 13:00:09 [INFO]: 周度统计: 本周(2025-11-14~2025-11-20) 数据量=0, 上周(2025-11-07~2025-11-13) 数据量=49
2025-11-19 13:00:09 [INFO]: 数据处理完成，有效数据行数: 1089
2025-11-19 13:00:29 [INFO]: 开始处理文件: IQCæ¥ææ£éªå°è´¦ï¼å¤åï¼.xlsx.xlsx, 供应商筛选: 幸福电子, 时间筛选: null
2025-11-19 13:00:29 [INFO]: 检测到文件类型: external
2025-11-19 13:00:29 [INFO]: 数据处理统计: 总行数=1622, 有效日期行=1089, 有效结果行=1089, 最终筛选行=106
2025-11-19 13:00:29 [INFO]: 周度统计: 本周(2025-11-14~2025-11-20) 数据量=0, 上周(2025-11-07~2025-11-13) 数据量=5
2025-11-19 13:00:29 [INFO]: 数据处理完成，有效数据行数: 106
2025-11-19 13:05:31 [INFO]: 开始处理文件: IQCæ¥ææ£éªå°è´¦ï¼å¤åï¼.xlsx.xlsx, 供应商筛选: 无, 时间筛选: null
2025-11-19 13:05:31 [INFO]: 检测到文件类型: external
2025-11-19 13:05:31 [INFO]: 数据处理统计: 总行数=1622, 有效日期行=1089, 有效结果行=1089, 最终筛选行=1089
2025-11-19 13:05:31 [INFO]: 周度统计: 本周(2025-11-14~2025-11-20) 数据量=0, 上周(2025-11-07~2025-11-13) 数据量=49
2025-11-19 13:05:31 [INFO]: 数据处理完成，有效数据行数: 1089
2025-11-19 13:05:50 [INFO]: 开始处理文件: IQCæ¥ææ£éªå°è´¦ï¼å¤åï¼.xlsx.xlsx, 供应商筛选: 尚瑞, 时间筛选: null
2025-11-19 13:05:50 [INFO]: 检测到文件类型: external
2025-11-19 13:05:50 [INFO]: 数据处理统计: 总行数=1622, 有效日期行=1089, 有效结果行=1089, 最终筛选行=5
2025-11-19 13:05:50 [INFO]: 周度统计: 本周(2025-11-14~2025-11-20) 数据量=0, 上周(2025-11-07~2025-11-13) 数据量=0
2025-11-19 13:05:50 [INFO]: 数据处理完成，有效数据行数: 5
2025-11-19 13:06:32 [INFO]: 开始处理文件: IQCæ¥ææ£éªå°è´¦ï¼å¤åï¼.xlsx.xlsx, 供应商筛选: 宜益, 时间筛选: null
2025-11-19 13:06:32 [INFO]: 检测到文件类型: external
2025-11-19 13:06:32 [INFO]: 数据处理统计: 总行数=1622, 有效日期行=1089, 有效结果行=1089, 最终筛选行=1
2025-11-19 13:06:32 [INFO]: 周度统计: 本周(2025-11-14~2025-11-20) 数据量=0, 上周(2025-11-07~2025-11-13) 数据量=0
2025-11-19 13:06:32 [INFO]: 数据处理完成，有效数据行数: 1
2025-11-19 13:06:59 [INFO]: 开始处理文件: IQCæ¥ææ£éªå°è´¦ï¼å¤åï¼.xlsx.xlsx, 供应商筛选: 幸福电子, 时间筛选: null
2025-11-19 13:06:59 [INFO]: 检测到文件类型: external
2025-11-19 13:06:59 [INFO]: 数据处理统计: 总行数=1622, 有效日期行=1089, 有效结果行=1089, 最终筛选行=106
2025-11-19 13:06:59 [INFO]: 周度统计: 本周(2025-11-14~2025-11-20) 数据量=0, 上周(2025-11-07~2025-11-13) 数据量=5
2025-11-19 13:06:59 [INFO]: 数据处理完成，有效数据行数: 106
2025-11-19 13:23:47 [INFO]: 开始处理文件: IQCæ¥ææ£éªå°è´¦ï¼å¤åï¼.xlsx.xlsx, 供应商筛选: 无, 时间筛选: null
2025-11-19 13:23:47 [INFO]: 检测到文件类型: external
2025-11-19 13:23:47 [INFO]: 数据处理统计: 总行数=1622, 有效日期行=1089, 有效结果行=1089, 最终筛选行=1089
2025-11-19 13:23:47 [INFO]: 周度统计: 本周(2025-11-14~2025-11-20) 数据量=0, 上周(2025-11-07~2025-11-13) 数据量=49
2025-11-19 13:23:47 [INFO]: 数据处理完成，有效数据行数: 1089
2025-11-19 14:36:32 [INFO]: 开始处理文件: IQCæ¥ææ£éªå°è´¦ï¼å¤åï¼.xlsx.xlsx, 供应商筛选: 无, 时间筛选: null
2025-11-19 14:36:32 [INFO]: 检测到文件类型: external
2025-11-19 14:36:32 [INFO]: 数据处理统计: 总行数=1622, 有效日期行=1089, 有效结果行=1089, 最终筛选行=1089
2025-11-19 14:36:32 [INFO]: 周度统计: 本周(2025-11-14~2025-11-20) 数据量=0, 上周(2025-11-07~2025-11-13) 数据量=49
2025-11-19 14:36:32 [INFO]: 数据处理完成，有效数据行数: 1089
2025-11-19 14:36:53 [INFO]: 开始处理文件: IQCæ¥ææ£éªå°è´¦ï¼å¤åï¼.xlsx.xlsx, 供应商筛选: 幸福电子, 时间筛选: null
2025-11-19 14:36:53 [INFO]: 检测到文件类型: external
2025-11-19 14:36:53 [INFO]: 数据处理统计: 总行数=1622, 有效日期行=1089, 有效结果行=1089, 最终筛选行=106
2025-11-19 14:36:53 [INFO]: 周度统计: 本周(2025-11-14~2025-11-20) 数据量=0, 上周(2025-11-07~2025-11-13) 数据量=5
2025-11-19 14:36:53 [INFO]: 数据处理完成，有效数据行数: 106
2025-11-19 14:40:39 [INFO]: 开始处理文件: IQCæ¥ææ£éªå°è´¦ï¼å¤åï¼.xlsx.xlsx, 供应商筛选: 无, 时间筛选: null
2025-11-19 14:40:39 [INFO]: 检测到文件类型: external
2025-11-19 14:40:39 [INFO]: 数据处理统计: 总行数=1622, 有效日期行=1089, 有效结果行=1089, 最终筛选行=1089
2025-11-19 14:40:39 [INFO]: 周度统计: 本周(2025-11-14~2025-11-20) 数据量=0, 上周(2025-11-07~2025-11-13) 数据量=49
2025-11-19 14:40:39 [INFO]: 数据处理完成，有效数据行数: 1089
2025-11-19 14:45:59 [INFO]: 开始处理文件: IQCæ¥ææ£éªå°è´¦ï¼å¤åï¼.xlsx.xlsx, 供应商筛选: 无, 时间筛选: null
2025-11-19 14:45:59 [INFO]: 检测到文件类型: external
2025-11-19 14:45:59 [INFO]: 数据处理统计: 总行数=1622, 有效日期行=1089, 有效结果行=1089, 最终筛选行=1089
2025-11-19 14:45:59 [INFO]: 周度统计: 本周(2025-11-14~2025-11-20) 数据量=0, 上周(2025-11-07~2025-11-13) 数据量=49
2025-11-19 14:45:59 [INFO]: 数据处理完成，有效数据行数: 1089
2025-11-19 14:46:15 [INFO]: 开始处理文件: IQCæ¥ææ£éªå°è´¦ï¼å¤åï¼.xlsx.xlsx, 供应商筛选: 旭虹, 时间筛选: null
2025-11-19 14:46:15 [INFO]: 检测到文件类型: external
2025-11-19 14:46:15 [INFO]: 数据处理统计: 总行数=1622, 有效日期行=1089, 有效结果行=1089, 最终筛选行=95
2025-11-19 14:46:15 [INFO]: 周度统计: 本周(2025-11-14~2025-11-20) 数据量=0, 上周(2025-11-07~2025-11-13) 数据量=2
2025-11-19 14:46:15 [INFO]: 数据处理完成，有效数据行数: 95
2025-11-19 14:49:23 [INFO]: 开始处理文件: IQCæ¥ææ£éªå°è´¦ï¼å¤åï¼.xlsx.xlsx, 供应商筛选: 旭虹, 时间筛选: null
2025-11-19 14:49:23 [INFO]: 检测到文件类型: external
2025-11-19 14:49:23 [INFO]: 数据处理统计: 总行数=1622, 有效日期行=1089, 有效结果行=1089, 最终筛选行=95
2025-11-19 14:49:23 [INFO]: 周度统计: 本周(2025-11-14~2025-11-20) 数据量=0, 上周(2025-11-07~2025-11-13) 数据量=2
2025-11-19 14:49:23 [INFO]: 数据处理完成，有效数据行数: 95
2025-11-19 14:50:39 [INFO]: 开始处理文件: IQCæ¥ææ£éªå°è´¦ï¼å¤åï¼.xlsx.xlsx, 供应商筛选: 无, 时间筛选: null
2025-11-19 14:50:39 [INFO]: 检测到文件类型: external
2025-11-19 14:50:39 [INFO]: 数据处理统计: 总行数=1622, 有效日期行=1089, 有效结果行=1089, 最终筛选行=1089
2025-11-19 14:50:39 [INFO]: 周度统计: 本周(2025-11-14~2025-11-20) 数据量=0, 上周(2025-11-07~2025-11-13) 数据量=49
2025-11-19 14:50:39 [INFO]: 数据处理完成，有效数据行数: 1089
2025-11-19 14:58:52 [INFO]: 开始处理文件: IQCæ¥ææ£éªå°è´¦ï¼å¤åï¼.xlsx.xlsx, 供应商筛选: 无, 时间筛选: null
2025-11-19 14:58:52 [INFO]: 检测到文件类型: external
2025-11-19 14:58:52 [INFO]: 数据处理统计: 总行数=1622, 有效日期行=1089, 有效结果行=1089, 最终筛选行=1089
2025-11-19 14:58:52 [INFO]: 周度统计: 本周(2025-11-14~2025-11-20) 数据量=0, 上周(2025-11-07~2025-11-13) 数据量=49
2025-11-19 14:58:52 [INFO]: 数据处理完成，有效数据行数: 1089
2025-11-19 14:59:19 [INFO]: 周度统计: 本周(2025-11-14~2025-11-20) 数据量=0, 上周(2025-11-07~2025-11-13) 数据量=5
2025-11-19 14:59:32 [INFO]: 周度统计: 本周(2025-11-14~2025-11-20) 数据量=0, 上周(2025-11-07~2025-11-13) 数据量=49
2025-11-19 14:59:39 [INFO]: 周度统计: 本周(2025-11-14~2025-11-20) 数据量=0, 上周(2025-11-07~2025-11-13) 数据量=5
2025-11-19 15:01:42 [INFO]: 开始处理文件: IQCæ¥ææ£éªå°è´¦ï¼å¤åï¼.xlsx.xlsx, 供应商筛选: 无, 时间筛选: null
2025-11-19 15:01:42 [INFO]: 检测到文件类型: external
2025-11-19 15:01:42 [INFO]: 数据处理统计: 总行数=1622, 有效日期行=1089, 有效结果行=1089, 最终筛选行=1089
2025-11-19 15:01:42 [INFO]: 周度统计: 本周(2025-11-14~2025-11-20) 数据量=0, 上周(2025-11-07~2025-11-13) 数据量=49
2025-11-19 15:01:42 [INFO]: 数据处理完成，有效数据行数: 1089
2025-11-19 15:06:25 [INFO]: 开始处理文件: IQCæ¥ææ£éªå°è´¦ï¼å¤åï¼.xlsx.xlsx, 供应商筛选: 无, 时间筛选: null
2025-11-19 15:06:25 [INFO]: 检测到文件类型: external
2025-11-19 15:06:25 [INFO]: 数据处理统计: 总行数=1622, 有效日期行=1089, 有效结果行=1089, 最终筛选行=1089
2025-11-19 15:06:25 [INFO]: 周度统计: 本周(2025-11-14~2025-11-20) 数据量=0, 上周(2025-11-07~2025-11-13) 数据量=49
2025-11-19 15:06:25 [INFO]: 数据处理完成，有效数据行数: 1089
2025-11-19 15:06:36 [INFO]: 周度统计: 本周(2025-11-14~2025-11-20) 数据量=0, 上周(2025-11-07~2025-11-13) 数据量=5
2025-11-19 15:07:27 [INFO]: 开始处理文件: IQCæ¥ææ£éªå°è´¦ï¼å¤è´­ï¼.xlsx, 供应商筛选: 无, 时间筛选: null
2025-11-19 15:07:27 [INFO]: 检测到文件类型: purchase
2025-11-19 15:07:27 [INFO]: 数据处理统计: 总行数=1805, 有效日期行=1676, 有效结果行=1676, 最终筛选行=1676
2025-11-19 15:07:27 [INFO]: 周度统计: 本周(2025-11-14~2025-11-20) 数据量=0, 上周(2025-11-07~2025-11-13) 数据量=0
2025-11-19 15:07:27 [INFO]: 数据处理完成，有效数据行数: 1676
2025-11-19 15:08:19 [INFO]: 开始处理文件: IQCæ¥ææ£éªå°è´¦ï¼å¤åï¼.xlsx.xlsx, 供应商筛选: 无, 时间筛选: null
2025-11-19 15:08:19 [INFO]: 检测到文件类型: external
2025-11-19 15:08:19 [INFO]: 数据处理统计: 总行数=1622, 有效日期行=1089, 有效结果行=1089, 最终筛选行=1089
2025-11-19 15:08:19 [INFO]: 周度统计: 本周(2025-11-14~2025-11-20) 数据量=0, 上周(2025-11-07~2025-11-13) 数据量=49
2025-11-19 15:08:19 [INFO]: 数据处理完成，有效数据行数: 1089
2025-11-19 15:08:41 [INFO]: 开始处理文件: IQCæ¥ææ£éªå°è´¦ï¼å¤åï¼.xlsx.xlsx, 供应商筛选: 无, 时间筛选: null
2025-11-19 15:08:41 [INFO]: 检测到文件类型: external
2025-11-19 15:08:42 [INFO]: 数据处理统计: 总行数=1622, 有效日期行=1089, 有效结果行=1089, 最终筛选行=1089
2025-11-19 15:08:42 [INFO]: 周度统计: 本周(2025-11-14~2025-11-20) 数据量=0, 上周(2025-11-07~2025-11-13) 数据量=49
2025-11-19 15:08:42 [INFO]: 数据处理完成，有效数据行数: 1089
2025-11-19 15:10:01 [INFO]: 开始处理文件: IQCæ¥ææ£éªå°è´¦ï¼å¤åï¼.xlsx.xlsx, 供应商筛选: 无, 时间筛选: null
2025-11-19 15:10:01 [INFO]: 检测到文件类型: external
2025-11-19 15:10:01 [INFO]: 数据处理统计: 总行数=1622, 有效日期行=1089, 有效结果行=1089, 最终筛选行=1089
2025-11-19 15:10:01 [INFO]: 周度统计: 本周(2025-11-14~2025-11-20) 数据量=0, 上周(2025-11-07~2025-11-13) 数据量=49
2025-11-19 15:10:01 [INFO]: 数据处理完成，有效数据行数: 1089
2025-11-19 15:14:01 [INFO]: 开始处理文件: IQCæ¥ææ£éªå°è´¦ï¼å¤åï¼.xlsx.xlsx, 供应商筛选: 无, 时间筛选: null
2025-11-19 15:14:01 [INFO]: 检测到文件类型: external
2025-11-19 15:14:01 [INFO]: 数据处理统计: 总行数=1622, 有效日期行=1089, 有效结果行=1089, 最终筛选行=1089
2025-11-19 15:14:01 [INFO]: 周度统计: 本周(2025-11-14~2025-11-20) 数据量=0, 上周(2025-11-07~2025-11-13) 数据量=49
2025-11-19 15:14:01 [INFO]: 数据处理完成，有效数据行数: 1089
2025-11-19 15:14:48 [INFO]: 开始处理文件: IQCæ¥ææ£éªå°è´¦ï¼å¤åï¼.xlsx.xlsx, 供应商筛选: 无, 时间筛选: null
2025-11-19 15:14:48 [INFO]: 检测到文件类型: external
2025-11-19 15:14:48 [INFO]: 数据处理统计: 总行数=1622, 有效日期行=1089, 有效结果行=1089, 最终筛选行=1089
2025-11-19 15:14:48 [INFO]: 周度统计: 本周(2025-11-14~2025-11-20) 数据量=0, 上周(2025-11-07~2025-11-13) 数据量=49
2025-11-19 15:14:48 [INFO]: 数据处理完成，有效数据行数: 1089
2025-11-19 15:16:29 [INFO]: 开始处理文件: IQCæ¥ææ£éªå°è´¦ï¼å¤åï¼.xlsx.xlsx, 供应商筛选: 无, 时间筛选: null
2025-11-19 15:16:29 [INFO]: 检测到文件类型: external
2025-11-19 15:16:29 [INFO]: 数据处理统计: 总行数=1622, 有效日期行=1089, 有效结果行=1089, 最终筛选行=1089
2025-11-19 15:16:29 [INFO]: 周度统计: 本周(2025-11-14~2025-11-20) 数据量=0, 上周(2025-11-07~2025-11-13) 数据量=49
2025-11-19 15:16:29 [INFO]: 数据处理完成，有效数据行数: 1089
2025-11-19 15:18:19 [INFO]: 开始处理文件: IQCæ¥ææ£éªå°è´¦ï¼å¤åï¼.xlsx.xlsx, 供应商筛选: 无, 时间筛选: null
2025-11-19 15:18:19 [INFO]: 检测到文件类型: external
2025-11-19 15:18:19 [INFO]: 数据处理统计: 总行数=1622, 有效日期行=1089, 有效结果行=1089, 最终筛选行=1089
2025-11-19 15:18:19 [INFO]: 周度统计: 本周(2025-11-14~2025-11-20) 数据量=0, 上周(2025-11-07~2025-11-13) 数据量=49
2025-11-19 15:18:19 [INFO]: 数据处理完成，有效数据行数: 1089
2025-11-19 15:20:01 [INFO]: 开始处理文件: IQCæ¥ææ£éªå°è´¦ï¼å¤åï¼.xlsx.xlsx, 供应商筛选: 无, 时间筛选: null
2025-11-19 15:20:01 [INFO]: 检测到文件类型: external
2025-11-19 15:20:01 [INFO]: 数据处理统计: 总行数=1622, 有效日期行=1089, 有效结果行=1089, 最终筛选行=1089
2025-11-19 15:20:01 [INFO]: 周度统计: 本周(2025-11-14~2025-11-20) 数据量=0, 上周(2025-11-07~2025-11-13) 数据量=49
2025-11-19 15:20:01 [INFO]: 数据处理完成，有效数据行数: 1089
2025-11-19 15:20:19 [INFO]: 开始处理文件: IQCæ¥ææ£éªå°è´¦ï¼å¤åï¼.xlsx.xlsx, 供应商筛选: 无, 时间筛选: null
2025-11-19 15:20:19 [INFO]: 检测到文件类型: external
2025-11-19 15:20:19 [INFO]: 数据处理统计: 总行数=1622, 有效日期行=1089, 有效结果行=1089, 最终筛选行=1089
2025-11-19 15:20:19 [INFO]: 周度统计: 本周(2025-11-14~2025-11-20) 数据量=0, 上周(2025-11-07~2025-11-13) 数据量=49
2025-11-19 15:20:19 [INFO]: 数据处理完成，有效数据行数: 1089
2025-11-19 15:21:38 [INFO]: 周度统计: 本周(2025-11-14~2025-11-20) 数据量=0, 上周(2025-11-07~2025-11-13) 数据量=5
2025-11-19 15:28:55 [INFO]: 开始处理文件: IQCæ¥ææ£éªå°è´¦ï¼å¤åï¼.xlsx.xlsx, 供应商筛选: 无, 时间筛选: null
2025-11-19 15:28:55 [INFO]: 检测到文件类型: external
2025-11-19 15:28:55 [INFO]: 数据处理统计: 总行数=1622, 有效日期行=1089, 有效结果行=1089, 最终筛选行=1089
2025-11-19 15:28:55 [INFO]: 周度统计: 本周(2025-11-14~2025-11-20) 数据量=0, 上周(2025-11-07~2025-11-13) 数据量=49
2025-11-19 15:28:55 [INFO]: 数据处理完成，有效数据行数: 1089
2025-11-19 15:30:12 [INFO]: 开始处理文件: IQCæ¥ææ£éªå°è´¦ï¼å¤åï¼.xlsx.xlsx, 供应商筛选: 无, 时间筛选: null
2025-11-19 15:30:12 [INFO]: 检测到文件类型: external
2025-11-19 15:30:12 [INFO]: 数据处理统计: 总行数=1622, 有效日期行=1089, 有效结果行=1089, 最终筛选行=1089
2025-11-19 15:30:12 [INFO]: 周度统计: 本周(2025-11-14~2025-11-20) 数据量=0, 上周(2025-11-07~2025-11-13) 数据量=49
2025-11-19 15:30:12 [INFO]: 数据处理完成，有效数据行数: 1089
2025-11-19 15:33:51 [INFO]: 开始处理文件: IQCæ¥ææ£éªå°è´¦ï¼å¤åï¼.xlsx.xlsx, 供应商筛选: 无, 时间筛选: null
2025-11-19 15:33:51 [INFO]: 检测到文件类型: external
2025-11-19 15:33:51 [INFO]: 数据处理统计: 总行数=1622, 有效日期行=1089, 有效结果行=1089, 最终筛选行=1089
2025-11-19 15:33:51 [INFO]: 周度统计: 本周(2025-11-14~2025-11-20) 数据量=0, 上周(2025-11-07~2025-11-13) 数据量=49
2025-11-19 15:33:51 [INFO]: 数据处理完成，有效数据行数: 1089
2025-11-19 15:34:50 [INFO]: 开始处理文件: IQCæ¥ææ£éªå°è´¦ï¼å¤åï¼.xlsx.xlsx, 供应商筛选: 无, 时间筛选: null
2025-11-19 15:34:50 [INFO]: 检测到文件类型: external
2025-11-19 15:34:50 [INFO]: 数据处理统计: 总行数=1622, 有效日期行=1089, 有效结果行=1089, 最终筛选行=1089
2025-11-19 15:34:50 [INFO]: 周度统计: 本周(2025-11-14~2025-11-20) 数据量=0, 上周(2025-11-07~2025-11-13) 数据量=49
2025-11-19 15:34:50 [INFO]: 数据处理完成，有效数据行数: 1089
2025-11-19 15:35:07 [INFO]: 周度统计: 本周(2025-11-14~2025-11-20) 数据量=0, 上周(2025-11-07~2025-11-13) 数据量=5
2025-11-19 15:35:42 [INFO]: 开始处理文件: IQCæ¥ææ£éªå°è´¦ï¼å¤åï¼.xlsx.xlsx, 供应商筛选: 无, 时间筛选: null
2025-11-19 15:35:42 [INFO]: 检测到文件类型: external
2025-11-19 15:35:42 [INFO]: 数据处理统计: 总行数=1622, 有效日期行=1089, 有效结果行=1089, 最终筛选行=1089
2025-11-19 15:35:42 [INFO]: 周度统计: 本周(2025-11-14~2025-11-20) 数据量=0, 上周(2025-11-07~2025-11-13) 数据量=49
2025-11-19 15:35:42 [INFO]: 数据处理完成，有效数据行数: 1089
2025-11-19 15:35:59 [INFO]: 周度统计: 本周(2025-11-14~2025-11-20) 数据量=0, 上周(2025-11-07~2025-11-13) 数据量=5
2025-11-19 15:39:49 [INFO]: 开始处理文件: IQCæ¥ææ£éªå°è´¦ï¼å¤åï¼.xlsx.xlsx, 供应商筛选: 无, 时间筛选: null
2025-11-19 15:39:49 [INFO]: 检测到文件类型: external
2025-11-19 15:39:49 [INFO]: 数据处理统计: 总行数=1622, 有效日期行=1089, 有效结果行=1089, 最终筛选行=1089
2025-11-19 15:39:49 [INFO]: 周度统计: 本周(2025-11-14~2025-11-20) 数据量=0, 上周(2025-11-07~2025-11-13) 数据量=49
2025-11-19 15:39:49 [INFO]: 数据处理完成，有效数据行数: 1089
2025-11-19 15:40:18 [INFO]: 周度统计: 本周(2025-11-14~2025-11-20) 数据量=0, 上周(2025-11-07~2025-11-13) 数据量=0
2025-11-19 15:40:19 [INFO]: 周度统计: 本周(2025-11-14~2025-11-20) 数据量=0, 上周(2025-11-07~2025-11-13) 数据量=0
2025-11-19 15:43:45 [INFO]: 开始处理文件: IQCæ¥ææ£éªå°è´¦ï¼å¤åï¼.xlsx.xlsx, 供应商筛选: 无, 时间筛选: null
2025-11-19 15:43:45 [INFO]: 检测到文件类型: external
2025-11-19 15:43:45 [INFO]: 数据处理统计: 总行数=1622, 有效日期行=1089, 有效结果行=1089, 最终筛选行=1089
2025-11-19 15:43:45 [INFO]: 周度统计: 本周(2025-11-14~2025-11-20) 数据量=0, 上周(2025-11-07~2025-11-13) 数据量=49
2025-11-19 15:43:45 [INFO]: 数据处理完成，有效数据行数: 1089
2025-11-19 15:49:55 [INFO]: 开始处理文件: IQCæ¥ææ£éªå°è´¦ï¼å¤åï¼.xlsx.xlsx, 供应商筛选: 无, 时间筛选: null
2025-11-19 15:49:55 [INFO]: 检测到文件类型: external
2025-11-19 15:49:55 [INFO]: 数据处理统计: 总行数=1622, 有效日期行=1089, 有效结果行=1089, 最终筛选行=1089
2025-11-19 15:49:55 [INFO]: 周度统计: 本周(2025-11-14~2025-11-20) 数据量=0, 上周(2025-11-07~2025-11-13) 数据量=49
2025-11-19 15:49:55 [INFO]: 数据处理完成，有效数据行数: 1089
2025-11-19 16:02:58 [INFO]: 开始处理文件: IQCæ¥ææ£éªå°è´¦ï¼å¤åï¼.xlsx.xlsx, 供应商筛选: 无, 时间筛选: null
2025-11-19 16:02:58 [INFO]: 检测到文件类型: external
2025-11-19 16:02:58 [INFO]: 数据处理统计: 总行数=1622, 有效日期行=1089, 有效结果行=1089, 最终筛选行=1089
2025-11-19 16:02:58 [INFO]: 周度统计: 本周(2025-11-14~2025-11-20) 数据量=0, 上周(2025-11-07~2025-11-13) 数据量=49
2025-11-19 16:02:58 [INFO]: 数据处理完成，有效数据行数: 1089
2025-11-19 16:04:24 [INFO]: 开始处理文件: IQCæ¥ææ£éªå°è´¦ï¼å¤åï¼.xlsx.xlsx, 供应商筛选: 无, 时间筛选: null
2025-11-19 16:04:24 [INFO]: 检测到文件类型: external
2025-11-19 16:04:24 [INFO]: 数据处理统计: 总行数=1622, 有效日期行=1089, 有效结果行=1089, 最终筛选行=1089
2025-11-19 16:04:24 [INFO]: 周度统计: 本周(2025-11-14~2025-11-20) 数据量=0, 上周(2025-11-07~2025-11-13) 数据量=49
2025-11-19 16:04:24 [INFO]: 数据处理完成，有效数据行数: 1089
2025-11-19 16:07:55 [INFO]: 开始处理文件: IQCæ¥ææ£éªå°è´¦ï¼å¤åï¼.xlsx.xlsx, 供应商筛选: 无, 时间筛选: null
2025-11-19 16:07:55 [INFO]: 检测到文件类型: external
2025-11-19 16:07:55 [INFO]: 数据处理统计: 总行数=1622, 有效日期行=1089, 有效结果行=1089, 最终筛选行=1089
2025-11-19 16:07:55 [INFO]: 周度统计: 本周(2025-11-14~2025-11-20) 数据量=0, 上周(2025-11-07~2025-11-13) 数据量=49
2025-11-19 16:07:55 [INFO]: 数据处理完成，有效数据行数: 1089
2025-11-19 16:09:16 [INFO]: 开始处理文件: IQCæ¥ææ£éªå°è´¦ï¼å¤åï¼.xlsx.xlsx, 供应商筛选: 无, 时间筛选: null
2025-11-19 16:09:16 [INFO]: 检测到文件类型: external
2025-11-19 16:09:16 [INFO]: 数据处理统计: 总行数=1622, 有效日期行=1089, 有效结果行=1089, 最终筛选行=1089
2025-11-19 16:09:16 [INFO]: 周度统计: 本周(2025-11-14~2025-11-20) 数据量=0, 上周(2025-11-07~2025-11-13) 数据量=49
2025-11-19 16:09:16 [INFO]: 数据处理完成，有效数据行数: 1089
2025-11-19 16:10:33 [INFO]: 开始处理文件: IQCæ¥ææ£éªå°è´¦ï¼å¤åï¼.xlsx.xlsx, 供应商筛选: 无, 时间筛选: null
2025-11-19 16:10:33 [INFO]: 检测到文件类型: external
2025-11-19 16:10:33 [INFO]: 数据处理统计: 总行数=1622, 有效日期行=1089, 有效结果行=1089, 最终筛选行=1089
2025-11-19 16:10:33 [INFO]: 周度统计: 本周(2025-11-14~2025-11-20) 数据量=0, 上周(2025-11-07~2025-11-13) 数据量=49
2025-11-19 16:10:33 [INFO]: 数据处理完成，有效数据行数: 1089
2025-11-19 16:14:04 [INFO]: 开始处理文件: IQCæ¥ææ£éªå°è´¦ï¼å¤åï¼.xlsx.xlsx, 供应商筛选: 无, 时间筛选: null
2025-11-19 16:14:04 [INFO]: 检测到文件类型: external
2025-11-19 16:14:04 [INFO]: 数据处理统计: 总行数=1622, 有效日期行=1089, 有效结果行=1089, 最终筛选行=1089
2025-11-19 16:14:04 [INFO]: 周度统计: 本周(2025-11-14~2025-11-20) 数据量=0, 上周(2025-11-07~2025-11-13) 数据量=49
2025-11-19 16:14:04 [INFO]: 数据处理完成，有效数据行数: 1089
2025-11-19 16:15:10 [INFO]: 周度统计: 本周(2025-11-14~2025-11-20) 数据量=0, 上周(2025-11-07~2025-11-13) 数据量=5
2025-11-19 16:15:30 [INFO]: 周度统计: 本周(2025-11-14~2025-11-20) 数据量=0, 上周(2025-11-07~2025-11-13) 数据量=49
2025-11-19 16:24:29 [INFO]: 开始处理文件: IQCæ¥ææ£éªå°è´¦ï¼å¤åï¼.xlsx.xlsx, 供应商筛选: 无, 时间筛选: null
2025-11-19 16:24:29 [INFO]: 检测到文件类型: external
2025-11-19 16:24:29 [INFO]: 数据处理统计: 总行数=1622, 有效日期行=1089, 有效结果行=1089, 最终筛选行=1089
2025-11-19 16:24:29 [INFO]: 周度统计: 本周(2025-11-14~2025-11-20) 数据量=0, 上周(2025-11-07~2025-11-13) 数据量=49
2025-11-19 16:24:29 [INFO]: 数据处理完成，有效数据行数: 1089
2025-11-19 16:31:02 [INFO]: 开始处理文件: IQCæ¥ææ£éªå°è´¦ï¼å¤åï¼.xlsx.xlsx, 供应商筛选: 无, 时间筛选: null
2025-11-19 16:31:02 [INFO]: 检测到文件类型: external
2025-11-19 16:31:02 [INFO]: 数据处理统计: 总行数=1622, 有效日期行=1089, 有效结果行=1089, 最终筛选行=1089
2025-11-19 16:31:02 [INFO]: 周度统计: 本周(2025-11-14~2025-11-20) 数据量=0, 上周(2025-11-07~2025-11-13) 数据量=49
2025-11-19 16:31:02 [INFO]: 数据处理完成，有效数据行数: 1089
2025-11-19 19:03:04 [INFO]: 开始处理文件: IQCæ¥ææ£éªå°è´¦ï¼å¤åï¼.xlsx.xlsx, 供应商筛选: 无, 时间筛选: null
2025-11-19 19:03:04 [INFO]: 检测到文件类型: external
2025-11-19 19:03:04 [INFO]: 数据处理统计: 总行数=1622, 有效日期行=1089, 有效结果行=1089, 最终筛选行=1089
2025-11-19 19:03:04 [INFO]: 周度统计: 本周(2025-11-14~2025-11-20) 数据量=0, 上周(2025-11-07~2025-11-13) 数据量=49
2025-11-19 19:03:04 [INFO]: 数据处理完成，有效数据行数: 1089
2025-11-19 19:10:00 [INFO]: 开始处理文件: IQCæ¥ææ£éªå°è´¦ï¼å¤åï¼.xlsx.xlsx, 供应商筛选: 无, 时间筛选: null
2025-11-19 19:10:00 [INFO]: 检测到文件类型: external
2025-11-19 19:10:00 [INFO]: 数据处理统计: 总行数=1622, 有效日期行=1089, 有效结果行=1089, 最终筛选行=1089
2025-11-19 19:10:00 [INFO]: 周度统计: 本周(2025-11-14~2025-11-20) 数据量=0, 上周(2025-11-07~2025-11-13) 数据量=49
2025-11-19 19:10:00 [INFO]: 数据处理完成，有效数据行数: 1089
2025-11-19 19:14:52 [INFO]: 开始处理文件: IQCæ¥ææ£éªå°è´¦ï¼å¤åï¼.xlsx.xlsx, 供应商筛选: 无, 时间筛选: null
2025-11-19 19:14:52 [INFO]: 检测到文件类型: external
2025-11-19 19:14:52 [INFO]: 数据处理统计: 总行数=1622, 有效日期行=1089, 有效结果行=1089, 最终筛选行=1089
2025-11-19 19:14:52 [INFO]: 周度统计: 本周(2025-11-14~2025-11-20) 数据量=0, 上周(2025-11-07~2025-11-13) 数据量=49
2025-11-19 19:14:52 [INFO]: 数据处理完成，有效数据行数: 1089
2025-11-19 23:56:33 [INFO]: 开始处理文件: IQCæ¥ææ£éªå°è´¦ï¼å¤åï¼.xlsx.xlsx, 供应商筛选: 无, 时间筛选: null
2025-11-19 23:56:33 [INFO]: 检测到文件类型: external
2025-11-19 23:56:33 [INFO]: 数据处理统计: 总行数=1622, 有效日期行=1089, 有效结果行=1089, 最终筛选行=1089
2025-11-19 23:56:33 [INFO]: 周度统计: 本周(2025-11-14~2025-11-20) 数据量=0, 上周(2025-11-07~2025-11-13) 数据量=49
2025-11-19 23:56:33 [INFO]: 数据处理完成，有效数据行数: 1089
2025-11-19 23:58:06 [INFO]: 周度统计: 本周(2025-11-14~2025-11-20) 数据量=0, 上周(2025-11-07~2025-11-13) 数据量=4
2025-11-20 18:00:52 [INFO]: 开始处理文件: IQCæ¥ææ£éªå°è´¦ï¼å¤åï¼.xlsx.xlsx, 供应商筛选: 无, 时间筛选: null
2025-11-20 18:00:52 [INFO]: 检测到文件类型: external
2025-11-20 18:00:52 [INFO]: 数据处理统计: 总行数=1622, 有效日期行=1089, 有效结果行=1089, 最终筛选行=1089
2025-11-20 18:00:52 [INFO]: 周度统计: 本周(2025-11-14~2025-11-20) 数据量=0, 上周(2025-11-07~2025-11-13) 数据量=49
2025-11-20 18:00:52 [INFO]: 数据处理完成，有效数据行数: 1089
2025-11-20 21:02:04 [INFO]: 开始处理文件: IQCæ¥ææ£éªå°è´¦ï¼å¤åï¼.xlsx.xlsx, 供应商筛选: 无, 时间筛选: null
2025-11-20 21:02:04 [INFO]: 检测到文件类型: external
2025-11-20 21:02:04 [INFO]: 数据处理统计: 总行数=1622, 有效日期行=1089, 有效结果行=1089, 最终筛选行=1089
2025-11-20 21:02:04 [INFO]: 周度统计: 本周(2025-11-14~2025-11-20) 数据量=0, 上周(2025-11-07~2025-11-13) 数据量=49
2025-11-20 21:02:04 [INFO]: 数据处理完成，有效数据行数: 1089
2025-11-20 22:34:03 [INFO]: 开始处理文件: IQCæ¥ææ£éªå°è´¦ï¼å¤åï¼.xlsx.xlsx, 供应商筛选: 无, 时间筛选: null
2025-11-20 22:34:03 [INFO]: 检测到文件类型: external
2025-11-20 22:34:03 [INFO]: 数据处理统计: 总行数=1622, 有效日期行=1089, 有效结果行=1089, 最终筛选行=1089
2025-11-20 22:34:03 [INFO]: 周度统计: 本周(2025-11-14~2025-11-20) 数据量=0, 上周(2025-11-07~2025-11-13) 数据量=49
2025-11-20 22:34:03 [INFO]: 数据处理完成，有效数据行数: 1089
2025-11-21 10:42:11 [INFO]: 开始处理文件: IQCæ¥ææ£éªå°è´¦ï¼å¤åï¼.xlsx.xlsx, 供应商筛选: 无, 时间筛选: null
2025-11-21 10:42:11 [INFO]: 检测到文件类型: external
2025-11-21 10:42:11 [INFO]: 数据处理统计: 总行数=1622, 有效日期行=1089, 有效结果行=1089, 最终筛选行=1089
2025-11-21 10:42:11 [INFO]: 周度统计: 本周(2025-11-21~2025-11-27) 数据量=0, 上周(2025-11-14~2025-11-20) 数据量=0
2025-11-21 10:42:11 [INFO]: 数据处理完成，有效数据行数: 1089
2025-11-21 13:47:58 [INFO]: 开始处理文件: IQCæ¥ææ£éªå°è´¦ï¼å¤åï¼.xlsx.xlsx, 供应商筛选: 无, 时间筛选: null
2025-11-21 13:47:58 [INFO]: 检测到文件类型: external
2025-11-21 13:47:58 [INFO]: 数据处理统计: 总行数=1622, 有效日期行=1089, 有效结果行=1089, 最终筛选行=1089
2025-11-21 13:47:58 [INFO]: 周度统计: 本周(2025-11-21~2025-11-27) 数据量=0, 上周(2025-11-14~2025-11-20) 数据量=0
2025-11-21 13:47:58 [INFO]: 数据处理完成，有效数据行数: 1089
2025-11-21 13:49:20 [INFO]: 开始处理文件: IQCæ¥ææ£éªå°è´¦ï¼å¤åï¼.xlsx.xlsx, 供应商筛选: 无, 时间筛选: null
2025-11-21 13:49:20 [INFO]: 检测到文件类型: external
2025-11-21 13:49:20 [INFO]: 数据处理统计: 总行数=1622, 有效日期行=1089, 有效结果行=1089, 最终筛选行=1089
2025-11-21 13:49:20 [INFO]: 周度统计: 本周(2025-11-21~2025-11-27) 数据量=0, 上周(2025-11-14~2025-11-20) 数据量=0
2025-11-21 13:49:20 [INFO]: 数据处理完成，有效数据行数: 1089
2025-11-21 13:51:19 [INFO]: 周度统计: 本周(2025-11-21~2025-11-27) 数据量=0, 上周(2025-11-14~2025-11-20) 数据量=0
2025-11-21 13:51:22 [INFO]: 周度统计: 本周(2025-11-21~2025-11-27) 数据量=0, 上周(2025-11-14~2025-11-20) 数据量=0
2025-11-21 13:51:28 [INFO]: 周度统计: 本周(2025-11-21~2025-11-27) 数据量=0, 上周(2025-11-14~2025-11-20) 数据量=0
2025-11-21 13:51:30 [INFO]: 周度统计: 本周(2025-11-21~2025-11-27) 数据量=0, 上周(2025-11-14~2025-11-20) 数据量=0
2025-11-21 13:55:35 [INFO]: 开始处理文件: IQCæ¥ææ£éªå°è´¦ï¼å¤åï¼.xlsx.xlsx, 供应商筛选: 无, 时间筛选: null
2025-11-21 13:55:35 [INFO]: 检测到文件类型: external
2025-11-21 13:55:35 [INFO]: 数据处理统计: 总行数=1622, 有效日期行=1089, 有效结果行=1089, 最终筛选行=1089
2025-11-21 13:55:35 [INFO]: 周度统计: 本周(2025-11-21~2025-11-27) 数据量=0, 上周(2025-11-14~2025-11-20) 数据量=0
2025-11-21 13:55:35 [INFO]: 数据处理完成，有效数据行数: 1089
2025-11-21 14:24:30 [INFO]: 开始处理文件: IQCæ¥ææ£éªå°è´¦ï¼å¤åï¼.xlsx.xlsx, 供应商筛选: 无, 时间筛选: null
2025-11-21 14:24:30 [INFO]: 检测到文件类型: external
2025-11-21 14:24:30 [INFO]: 数据处理统计: 总行数=1622, 有效日期行=1089, 有效结果行=1089, 最终筛选行=1089
2025-11-21 14:24:30 [INFO]: 周度统计: 本周(2025-11-21~2025-11-27) 数据量=0, 上周(2025-11-14~2025-11-20) 数据量=0
2025-11-21 14:24:30 [INFO]: 数据处理完成，有效数据行数: 1089
2025-11-21 14:24:36 [INFO]: 周度统计: 本周(2025-11-21~2025-11-27) 数据量=0, 上周(2025-11-14~2025-11-20) 数据量=0
2025-11-21 14:24:39 [INFO]: 周度统计: 本周(2025-11-21~2025-11-27) 数据量=0, 上周(2025-11-14~2025-11-20) 数据量=0
2025-11-21 14:24:44 [INFO]: 周度统计: 本周(2025-11-21~2025-11-27) 数据量=0, 上周(2025-11-14~2025-11-20) 数据量=0
2025-11-21 14:24:49 [INFO]: 周度统计: 本周(2025-11-21~2025-11-27) 数据量=0, 上周(2025-11-14~2025-11-20) 数据量=0
2025-11-21 18:25:12 [INFO]: 开始处理文件: IQCæ¥ææ£éªå°è´¦ï¼å¤åï¼.xlsx.xlsx, 供应商筛选: 无, 时间筛选: null
2025-11-21 18:25:12 [INFO]: 检测到文件类型: external
2025-11-21 18:25:12 [INFO]: 数据处理统计: 总行数=1622, 有效日期行=1089, 有效结果行=1089, 最终筛选行=1089
2025-11-21 18:25:12 [INFO]: 周度统计: 本周(2025-11-21~2025-11-27) 数据量=0, 上周(2025-11-14~2025-11-20) 数据量=0
2025-11-21 18:25:12 [INFO]: 数据处理完成，有效数据行数: 1089
2025-11-21 18:25:27 [INFO]: 周度统计: 本周(2025-11-21~2025-11-27) 数据量=0, 上周(2025-11-14~2025-11-20) 数据量=0
2025-11-21 18:28:23 [INFO]: 开始处理文件: IQCæ¥ææ£éªå°è´¦ï¼å¤åï¼.xlsx.xlsx, 供应商筛选: 无, 时间筛选: null
2025-11-21 18:28:23 [INFO]: 检测到文件类型: external
2025-11-21 18:28:23 [INFO]: 数据处理统计: 总行数=1622, 有效日期行=1089, 有效结果行=1089, 最终筛选行=1089
2025-11-21 18:28:23 [INFO]: 周度统计: 本周(2025-11-21~2025-11-27) 数据量=0, 上周(2025-11-14~2025-11-20) 数据量=0
2025-11-21 18:28:23 [INFO]: 数据处理完成，有效数据行数: 1089
2025-11-21 18:28:59 [INFO]: 周度统计: 本周(2025-11-21~2025-11-27) 数据量=0, 上周(2025-11-14~2025-11-20) 数据量=0
2025-11-21 18:39:22 [INFO]: 开始处理文件: IQCæ¥ææ£éªå°è´¦ï¼å¤åï¼.xlsx.xlsx, 供应商筛选: 无, 时间筛选: null
2025-11-21 18:39:22 [INFO]: 检测到文件类型: external
2025-11-21 18:39:22 [INFO]: 数据处理统计: 总行数=1622, 有效日期行=1089, 有效结果行=1089, 最终筛选行=1089
2025-11-21 18:39:22 [INFO]: 周度统计: 本周(2025-11-21~2025-11-27) 数据量=0, 上周(2025-11-14~2025-11-20) 数据量=0
2025-11-21 18:39:22 [INFO]: 数据处理完成，有效数据行数: 1089
2025-11-21 18:39:41 [INFO]: 开始处理文件: IQCæ¥ææ£éªå°è´¦ï¼å¤è´­ï¼.xlsx, 供应商筛选: 无, 时间筛选: null
2025-11-21 18:39:41 [INFO]: 检测到文件类型: purchase
2025-11-21 18:39:41 [INFO]: 数据处理统计: 总行数=1805, 有效日期行=1676, 有效结果行=1676, 最终筛选行=1676
2025-11-21 18:39:41 [INFO]: 周度统计: 本周(2025-11-21~2025-11-27) 数据量=0, 上周(2025-11-14~2025-11-20) 数据量=0
2025-11-21 18:39:41 [INFO]: 数据处理完成，有效数据行数: 1676
2025-11-21 18:41:11 [INFO]: 开始处理文件: IQCæ¥ææ£éªå°è´¦ï¼å¤åï¼.xlsx.xlsx, 供应商筛选: 无, 时间筛选: null
2025-11-21 18:41:11 [INFO]: 检测到文件类型: external
2025-11-21 18:41:11 [INFO]: 数据处理统计: 总行数=1622, 有效日期行=1089, 有效结果行=1089, 最终筛选行=1089
2025-11-21 18:41:11 [INFO]: 周度统计: 本周(2025-11-21~2025-11-27) 数据量=0, 上周(2025-11-14~2025-11-20) 数据量=0
2025-11-21 18:41:11 [INFO]: 数据处理完成，有效数据行数: 1089
2025-11-21 18:43:57 [INFO]: 开始处理文件: IQCæ¥ææ£éªå°è´¦ï¼å¤åï¼.xlsx.xlsx, 供应商筛选: 无, 时间筛选: null
2025-11-21 18:43:57 [INFO]: 检测到文件类型: external
2025-11-21 18:43:57 [INFO]: 数据处理统计: 总行数=1622, 有效日期行=1089, 有效结果行=1089, 最终筛选行=1089
2025-11-21 18:43:57 [INFO]: 周度统计: 本周(2025-11-21~2025-11-27) 数据量=0, 上周(2025-11-14~2025-11-20) 数据量=0
2025-11-21 18:43:57 [INFO]: 数据处理完成，有效数据行数: 1089
2025-11-21 18:52:11 [INFO]: 开始处理文件: IQCæ¥ææ£éªå°è´¦ï¼å¤åï¼.xlsx.xlsx, 供应商筛选: 无, 时间筛选: null
2025-11-21 18:52:11 [INFO]: 检测到文件类型: external
2025-11-21 18:52:11 [INFO]: 数据处理统计: 总行数=1622, 有效日期行=1089, 有效结果行=1089, 最终筛选行=1089
2025-11-21 18:52:11 [INFO]: 周度统计: 本周(2025-11-21~2025-11-27) 数据量=0, 上周(2025-11-14~2025-11-20) 数据量=0
2025-11-21 18:52:11 [INFO]: 数据处理完成，有效数据行数: 1089
