2025-11-24 12:16:53 [ERROR]: 重新计算失败: item.time.getFullYear is not a function
2025-11-24 16:50:10 [ERROR]: 重新计算失败: item.time.getFullYear is not a function
2025-11-24 16:58:39 [ERROR]: 重新计算失败: item.time.getFullYear is not a function
2025-11-24 16:59:17 [ERROR]: 重新计算失败: item.time.getFullYear is not a function
2025-11-24 16:59:21 [ERROR]: 重新计算失败: item.time.getFullYear is not a function
2025-11-24 16:59:31 [ERROR]: 重新计算失败: item.time.getFullYear is not a function
2025-11-24 16:59:41 [ERROR]: 重新计算失败: item.time.getFullYear is not a function
2025-11-24 17:00:58 [ERROR]: 重新计算失败: item.time.getFullYear is not a function
2025-11-24 17:00:59 [ERROR]: 重新计算失败: item.time.getFullYear is not a function
2025-11-29 17:00:49 [ERROR]: 登录错误: SQLITE_ERROR: no such table: users
2025-11-29 17:00:51 [ERROR]: 登录错误: SQLITE_ERROR: no such table: users
2025-11-29 17:02:31 [ERROR]: 登录错误: SQLITE_ERROR: no such table: users
2025-11-29 17:02:33 [ERROR]: 登录错误: SQLITE_ERROR: no such table: users
2025-11-29 17:02:33 [ERROR]: 登录错误: SQLITE_ERROR: no such table: users
2025-12-01 17:13:34 [ERROR]: 获取资料列表失败: SQLITE_ERROR: no such column: is_permanent
2025-12-01 17:13:38 [ERROR]: 获取资料列表失败: SQLITE_ERROR: no such column: is_permanent
2025-12-01 17:13:38 [ERROR]: 获取资料列表失败: SQLITE_ERROR: no such column: is_permanent
2025-12-01 17:13:38 [ERROR]: 获取资料列表失败: SQLITE_ERROR: no such column: is_permanent
2025-12-01 17:13:53 [ERROR]: 获取资料列表失败: SQLITE_ERROR: no such column: is_permanent
2025-12-01 17:13:58 [ERROR]: 获取资料列表失败: SQLITE_ERROR: no such column: is_permanent
2025-12-01 17:13:59 [ERROR]: 获取资料列表失败: SQLITE_ERROR: no such column: is_permanent
2025-12-01 17:16:21 [ERROR]: 获取资料列表失败: SQLITE_ERROR: no such column: is_permanent
2025-12-01 17:24:40 [ERROR]: 获取资料列表失败: SQLITE_ERROR: no such column: is_permanent
2025-12-01 17:28:04 [ERROR]: 获取资料列表失败: SQLITE_ERROR: no such column: is_permanent
2025-12-01 17:29:36 [ERROR]: 获取资料列表失败: SQLITE_ERROR: no such column: is_permanent
2025-12-01 17:32:20 [ERROR]: 获取资料列表失败: SQLITE_ERROR: no such column: is_permanent
2025-12-01 17:34:33 [ERROR]: 获取资料列表失败: SQLITE_ERROR: no such column: is_permanent
2025-12-01 17:34:58 [ERROR]: 获取资料列表失败: SQLITE_ERROR: no such column: is_permanent
2025-12-01 17:36:58 [ERROR]: 获取资料列表失败: SQLITE_ERROR: no such column: is_permanent
2025-12-01 17:36:59 [ERROR]: 获取资料列表失败: SQLITE_ERROR: no such column: is_permanent
2025-12-01 17:37:13 [ERROR]: 上传资料失败: SQLITE_ERROR: table supplier_documents has no column named is_permanent
2025-12-01 17:37:13 [ERROR]: 错误详情: {"name":"SequelizeDatabaseError","parent":{"errno":1,"code":"SQLITE_ERROR","sql":"INSERT INTO `supplier_documents` (`id`,`supplier_id`,`document_type`,`document_name`,`document_number`,`file_path`,`file_size`,`upload_date`,`expiry_date`,`is_permanent`,`status`,`responsible_person`,`issuing_authority`,`remarks`,`version`,`is_current`,`created_at`,`updated_at`) VALUES (NULL,$1,$2,$3,$4,$5,$6,$7,$8,$9,$10,$11,$12,$13,$14,$15,$16,$17);"},"original":{"errno":1,"code":"SQLITE_ERROR","sql":"INSERT INTO `supplier_documents` (`id`,`supplier_id`,`document_type`,`document_name`,`document_number`,`file_path`,`file_size`,`upload_date`,`expiry_date`,`is_permanent`,`status`,`responsible_person`,`issuing_authority`,`remarks`,`version`,`is_current`,`created_at`,`updated_at`) VALUES (NULL,$1,$2,$3,$4,$5,$6,$7,$8,$9,$10,$11,$12,$13,$14,$15,$16,$17);"},"sql":"INSERT INTO `supplier_documents` (`id`,`supplier_id`,`document_type`,`document_name`,`document_number`,`file_path`,`file_size`,`upload_date`,`expiry_date`,`is_permanent`,`status`,`responsible_person`,`issuing_authority`,`remarks`,`version`,`is_current`,`created_at`,`updated_at`) VALUES (NULL,$1,$2,$3,$4,$5,$6,$7,$8,$9,$10,$11,$12,$13,$14,$15,$16,$17);","parameters":{}}
2025-12-01 17:37:13 [ERROR]: 请求数据: {"supplierId":"4","documentType":"environmental_msds","documentName":"","documentNumber":"","expiryDate":"null","isPermanent":"true","responsiblePerson":"","issuingAuthority":"","remarks":""}
2025-12-01 17:37:13 [ERROR]: 文件信息: {"fieldname":"file","originalname":"ä¾åºåA_è´¨ä¿åè®®_2024.pdf","encoding":"7bit","mimetype":"application/pdf","destination":"D:\\AI\\IFLOW-SQE-Data-Analysis-Assistant-refactored\\uploads\\documents","filename":"1764581833048_供应商A_质保协议_2024.pdf","path":"D:\\AI\\IFLOW-SQE-Data-Analysis-Assistant-refactored\\uploads\\documents\\1764581833048_供应商A_质保协议_2024.pdf","size":596}
2025-12-01 17:37:14 [ERROR]: 上传资料失败: SQLITE_ERROR: table supplier_documents has no column named is_permanent
2025-12-01 17:37:14 [ERROR]: 错误详情: {"name":"SequelizeDatabaseError","parent":{"errno":1,"code":"SQLITE_ERROR","sql":"INSERT INTO `supplier_documents` (`id`,`supplier_id`,`document_type`,`document_name`,`document_number`,`file_path`,`file_size`,`upload_date`,`expiry_date`,`is_permanent`,`status`,`responsible_person`,`issuing_authority`,`remarks`,`version`,`is_current`,`created_at`,`updated_at`) VALUES (NULL,$1,$2,$3,$4,$5,$6,$7,$8,$9,$10,$11,$12,$13,$14,$15,$16,$17);"},"original":{"errno":1,"code":"SQLITE_ERROR","sql":"INSERT INTO `supplier_documents` (`id`,`supplier_id`,`document_type`,`document_name`,`document_number`,`file_path`,`file_size`,`upload_date`,`expiry_date`,`is_permanent`,`status`,`responsible_person`,`issuing_authority`,`remarks`,`version`,`is_current`,`created_at`,`updated_at`) VALUES (NULL,$1,$2,$3,$4,$5,$6,$7,$8,$9,$10,$11,$12,$13,$14,$15,$16,$17);"},"sql":"INSERT INTO `supplier_documents` (`id`,`supplier_id`,`document_type`,`document_name`,`document_number`,`file_path`,`file_size`,`upload_date`,`expiry_date`,`is_permanent`,`status`,`responsible_person`,`issuing_authority`,`remarks`,`version`,`is_current`,`created_at`,`updated_at`) VALUES (NULL,$1,$2,$3,$4,$5,$6,$7,$8,$9,$10,$11,$12,$13,$14,$15,$16,$17);","parameters":{}}
2025-12-01 17:37:14 [ERROR]: 请求数据: {"supplierId":"4","documentType":"environmental_msds","documentName":"","documentNumber":"","expiryDate":"null","isPermanent":"true","responsiblePerson":"","issuingAuthority":"","remarks":""}
2025-12-01 17:37:14 [ERROR]: 文件信息: {"fieldname":"file","originalname":"ä¾åºåA_è´¨ä¿åè®®_2024.pdf","encoding":"7bit","mimetype":"application/pdf","destination":"D:\\AI\\IFLOW-SQE-Data-Analysis-Assistant-refactored\\uploads\\documents","filename":"1764581834611_供应商A_质保协议_2024.pdf","path":"D:\\AI\\IFLOW-SQE-Data-Analysis-Assistant-refactored\\uploads\\documents\\1764581834611_供应商A_质保协议_2024.pdf","size":596}
2025-12-01 17:37:15 [ERROR]: 上传资料失败: SQLITE_ERROR: table supplier_documents has no column named is_permanent
2025-12-01 17:37:15 [ERROR]: 错误详情: {"name":"SequelizeDatabaseError","parent":{"errno":1,"code":"SQLITE_ERROR","sql":"INSERT INTO `supplier_documents` (`id`,`supplier_id`,`document_type`,`document_name`,`document_number`,`file_path`,`file_size`,`upload_date`,`expiry_date`,`is_permanent`,`status`,`responsible_person`,`issuing_authority`,`remarks`,`version`,`is_current`,`created_at`,`updated_at`) VALUES (NULL,$1,$2,$3,$4,$5,$6,$7,$8,$9,$10,$11,$12,$13,$14,$15,$16,$17);"},"original":{"errno":1,"code":"SQLITE_ERROR","sql":"INSERT INTO `supplier_documents` (`id`,`supplier_id`,`document_type`,`document_name`,`document_number`,`file_path`,`file_size`,`upload_date`,`expiry_date`,`is_permanent`,`status`,`responsible_person`,`issuing_authority`,`remarks`,`version`,`is_current`,`created_at`,`updated_at`) VALUES (NULL,$1,$2,$3,$4,$5,$6,$7,$8,$9,$10,$11,$12,$13,$14,$15,$16,$17);"},"sql":"INSERT INTO `supplier_documents` (`id`,`supplier_id`,`document_type`,`document_name`,`document_number`,`file_path`,`file_size`,`upload_date`,`expiry_date`,`is_permanent`,`status`,`responsible_person`,`issuing_authority`,`remarks`,`version`,`is_current`,`created_at`,`updated_at`) VALUES (NULL,$1,$2,$3,$4,$5,$6,$7,$8,$9,$10,$11,$12,$13,$14,$15,$16,$17);","parameters":{}}
2025-12-01 17:37:15 [ERROR]: 请求数据: {"supplierId":"4","documentType":"environmental_msds","documentName":"","documentNumber":"","expiryDate":"null","isPermanent":"true","responsiblePerson":"","issuingAuthority":"","remarks":""}
2025-12-01 17:37:15 [ERROR]: 文件信息: {"fieldname":"file","originalname":"ä¾åºåA_è´¨ä¿åè®®_2024.pdf","encoding":"7bit","mimetype":"application/pdf","destination":"D:\\AI\\IFLOW-SQE-Data-Analysis-Assistant-refactored\\uploads\\documents","filename":"1764581835180_供应商A_质保协议_2024.pdf","path":"D:\\AI\\IFLOW-SQE-Data-Analysis-Assistant-refactored\\uploads\\documents\\1764581835180_供应商A_质保协议_2024.pdf","size":596}
2025-12-01 17:37:19 [ERROR]: 上传资料失败: SQLITE_ERROR: table supplier_documents has no column named is_permanent
2025-12-01 17:37:19 [ERROR]: 错误详情: {"name":"SequelizeDatabaseError","parent":{"errno":1,"code":"SQLITE_ERROR","sql":"INSERT INTO `supplier_documents` (`id`,`supplier_id`,`document_type`,`document_name`,`document_number`,`file_path`,`file_size`,`upload_date`,`expiry_date`,`is_permanent`,`status`,`responsible_person`,`issuing_authority`,`remarks`,`version`,`is_current`,`created_at`,`updated_at`) VALUES (NULL,$1,$2,$3,$4,$5,$6,$7,$8,$9,$10,$11,$12,$13,$14,$15,$16,$17);"},"original":{"errno":1,"code":"SQLITE_ERROR","sql":"INSERT INTO `supplier_documents` (`id`,`supplier_id`,`document_type`,`document_name`,`document_number`,`file_path`,`file_size`,`upload_date`,`expiry_date`,`is_permanent`,`status`,`responsible_person`,`issuing_authority`,`remarks`,`version`,`is_current`,`created_at`,`updated_at`) VALUES (NULL,$1,$2,$3,$4,$5,$6,$7,$8,$9,$10,$11,$12,$13,$14,$15,$16,$17);"},"sql":"INSERT INTO `supplier_documents` (`id`,`supplier_id`,`document_type`,`document_name`,`document_number`,`file_path`,`file_size`,`upload_date`,`expiry_date`,`is_permanent`,`status`,`responsible_person`,`issuing_authority`,`remarks`,`version`,`is_current`,`created_at`,`updated_at`) VALUES (NULL,$1,$2,$3,$4,$5,$6,$7,$8,$9,$10,$11,$12,$13,$14,$15,$16,$17);","parameters":{}}
2025-12-01 17:37:19 [ERROR]: 请求数据: {"supplierId":"4","documentType":"environmental_msds","documentName":"","documentNumber":"","expiryDate":"null","isPermanent":"true","responsiblePerson":"","issuingAuthority":"","remarks":""}
2025-12-01 17:37:19 [ERROR]: 文件信息: {"fieldname":"file","originalname":"ä¾åºåA_è´¨ä¿åè®®_2024.pdf","encoding":"7bit","mimetype":"application/pdf","destination":"D:\\AI\\IFLOW-SQE-Data-Analysis-Assistant-refactored\\uploads\\documents","filename":"1764581839661_供应商A_质保协议_2024.pdf","path":"D:\\AI\\IFLOW-SQE-Data-Analysis-Assistant-refactored\\uploads\\documents\\1764581839661_供应商A_质保协议_2024.pdf","size":596}
2025-12-01 17:37:19 [ERROR]: 上传资料失败: SQLITE_ERROR: table supplier_documents has no column named is_permanent
2025-12-01 17:37:19 [ERROR]: 错误详情: {"name":"SequelizeDatabaseError","parent":{"errno":1,"code":"SQLITE_ERROR","sql":"INSERT INTO `supplier_documents` (`id`,`supplier_id`,`document_type`,`document_name`,`document_number`,`file_path`,`file_size`,`upload_date`,`expiry_date`,`is_permanent`,`status`,`responsible_person`,`issuing_authority`,`remarks`,`version`,`is_current`,`created_at`,`updated_at`) VALUES (NULL,$1,$2,$3,$4,$5,$6,$7,$8,$9,$10,$11,$12,$13,$14,$15,$16,$17);"},"original":{"errno":1,"code":"SQLITE_ERROR","sql":"INSERT INTO `supplier_documents` (`id`,`supplier_id`,`document_type`,`document_name`,`document_number`,`file_path`,`file_size`,`upload_date`,`expiry_date`,`is_permanent`,`status`,`responsible_person`,`issuing_authority`,`remarks`,`version`,`is_current`,`created_at`,`updated_at`) VALUES (NULL,$1,$2,$3,$4,$5,$6,$7,$8,$9,$10,$11,$12,$13,$14,$15,$16,$17);"},"sql":"INSERT INTO `supplier_documents` (`id`,`supplier_id`,`document_type`,`document_name`,`document_number`,`file_path`,`file_size`,`upload_date`,`expiry_date`,`is_permanent`,`status`,`responsible_person`,`issuing_authority`,`remarks`,`version`,`is_current`,`created_at`,`updated_at`) VALUES (NULL,$1,$2,$3,$4,$5,$6,$7,$8,$9,$10,$11,$12,$13,$14,$15,$16,$17);","parameters":{}}
2025-12-01 17:37:19 [ERROR]: 请求数据: {"supplierId":"4","documentType":"environmental_msds","documentName":"","documentNumber":"","expiryDate":"null","isPermanent":"true","responsiblePerson":"","issuingAuthority":"","remarks":""}
2025-12-01 17:37:19 [ERROR]: 文件信息: {"fieldname":"file","originalname":"ä¾åºåA_è´¨ä¿åè®®_2024.pdf","encoding":"7bit","mimetype":"application/pdf","destination":"D:\\AI\\IFLOW-SQE-Data-Analysis-Assistant-refactored\\uploads\\documents","filename":"1764581839813_供应商A_质保协议_2024.pdf","path":"D:\\AI\\IFLOW-SQE-Data-Analysis-Assistant-refactored\\uploads\\documents\\1764581839813_供应商A_质保协议_2024.pdf","size":596}
2025-12-01 17:37:19 [ERROR]: 上传资料失败: SQLITE_ERROR: table supplier_documents has no column named is_permanent
2025-12-01 17:37:19 [ERROR]: 错误详情: {"name":"SequelizeDatabaseError","parent":{"errno":1,"code":"SQLITE_ERROR","sql":"INSERT INTO `supplier_documents` (`id`,`supplier_id`,`document_type`,`document_name`,`document_number`,`file_path`,`file_size`,`upload_date`,`expiry_date`,`is_permanent`,`status`,`responsible_person`,`issuing_authority`,`remarks`,`version`,`is_current`,`created_at`,`updated_at`) VALUES (NULL,$1,$2,$3,$4,$5,$6,$7,$8,$9,$10,$11,$12,$13,$14,$15,$16,$17);"},"original":{"errno":1,"code":"SQLITE_ERROR","sql":"INSERT INTO `supplier_documents` (`id`,`supplier_id`,`document_type`,`document_name`,`document_number`,`file_path`,`file_size`,`upload_date`,`expiry_date`,`is_permanent`,`status`,`responsible_person`,`issuing_authority`,`remarks`,`version`,`is_current`,`created_at`,`updated_at`) VALUES (NULL,$1,$2,$3,$4,$5,$6,$7,$8,$9,$10,$11,$12,$13,$14,$15,$16,$17);"},"sql":"INSERT INTO `supplier_documents` (`id`,`supplier_id`,`document_type`,`document_name`,`document_number`,`file_path`,`file_size`,`upload_date`,`expiry_date`,`is_permanent`,`status`,`responsible_person`,`issuing_authority`,`remarks`,`version`,`is_current`,`created_at`,`updated_at`) VALUES (NULL,$1,$2,$3,$4,$5,$6,$7,$8,$9,$10,$11,$12,$13,$14,$15,$16,$17);","parameters":{}}
2025-12-01 17:37:19 [ERROR]: 请求数据: {"supplierId":"4","documentType":"environmental_msds","documentName":"","documentNumber":"","expiryDate":"null","isPermanent":"true","responsiblePerson":"","issuingAuthority":"","remarks":""}
2025-12-01 17:37:19 [ERROR]: 文件信息: {"fieldname":"file","originalname":"ä¾åºåA_è´¨ä¿åè®®_2024.pdf","encoding":"7bit","mimetype":"application/pdf","destination":"D:\\AI\\IFLOW-SQE-Data-Analysis-Assistant-refactored\\uploads\\documents","filename":"1764581839964_供应商A_质保协议_2024.pdf","path":"D:\\AI\\IFLOW-SQE-Data-Analysis-Assistant-refactored\\uploads\\documents\\1764581839964_供应商A_质保协议_2024.pdf","size":596}
2025-12-01 17:37:20 [ERROR]: 上传资料失败: SQLITE_ERROR: table supplier_documents has no column named is_permanent
2025-12-01 17:37:20 [ERROR]: 错误详情: {"name":"SequelizeDatabaseError","parent":{"errno":1,"code":"SQLITE_ERROR","sql":"INSERT INTO `supplier_documents` (`id`,`supplier_id`,`document_type`,`document_name`,`document_number`,`file_path`,`file_size`,`upload_date`,`expiry_date`,`is_permanent`,`status`,`responsible_person`,`issuing_authority`,`remarks`,`version`,`is_current`,`created_at`,`updated_at`) VALUES (NULL,$1,$2,$3,$4,$5,$6,$7,$8,$9,$10,$11,$12,$13,$14,$15,$16,$17);"},"original":{"errno":1,"code":"SQLITE_ERROR","sql":"INSERT INTO `supplier_documents` (`id`,`supplier_id`,`document_type`,`document_name`,`document_number`,`file_path`,`file_size`,`upload_date`,`expiry_date`,`is_permanent`,`status`,`responsible_person`,`issuing_authority`,`remarks`,`version`,`is_current`,`created_at`,`updated_at`) VALUES (NULL,$1,$2,$3,$4,$5,$6,$7,$8,$9,$10,$11,$12,$13,$14,$15,$16,$17);"},"sql":"INSERT INTO `supplier_documents` (`id`,`supplier_id`,`document_type`,`document_name`,`document_number`,`file_path`,`file_size`,`upload_date`,`expiry_date`,`is_permanent`,`status`,`responsible_person`,`issuing_authority`,`remarks`,`version`,`is_current`,`created_at`,`updated_at`) VALUES (NULL,$1,$2,$3,$4,$5,$6,$7,$8,$9,$10,$11,$12,$13,$14,$15,$16,$17);","parameters":{}}
2025-12-01 17:37:20 [ERROR]: 请求数据: {"supplierId":"4","documentType":"environmental_msds","documentName":"","documentNumber":"","expiryDate":"null","isPermanent":"true","responsiblePerson":"","issuingAuthority":"","remarks":""}
2025-12-01 17:37:20 [ERROR]: 文件信息: {"fieldname":"file","originalname":"ä¾åºåA_è´¨ä¿åè®®_2024.pdf","encoding":"7bit","mimetype":"application/pdf","destination":"D:\\AI\\IFLOW-SQE-Data-Analysis-Assistant-refactored\\uploads\\documents","filename":"1764581840106_供应商A_质保协议_2024.pdf","path":"D:\\AI\\IFLOW-SQE-Data-Analysis-Assistant-refactored\\uploads\\documents\\1764581840106_供应商A_质保协议_2024.pdf","size":596}
2025-12-01 17:37:20 [ERROR]: 上传资料失败: SQLITE_ERROR: table supplier_documents has no column named is_permanent
2025-12-01 17:37:20 [ERROR]: 错误详情: {"name":"SequelizeDatabaseError","parent":{"errno":1,"code":"SQLITE_ERROR","sql":"INSERT INTO `supplier_documents` (`id`,`supplier_id`,`document_type`,`document_name`,`document_number`,`file_path`,`file_size`,`upload_date`,`expiry_date`,`is_permanent`,`status`,`responsible_person`,`issuing_authority`,`remarks`,`version`,`is_current`,`created_at`,`updated_at`) VALUES (NULL,$1,$2,$3,$4,$5,$6,$7,$8,$9,$10,$11,$12,$13,$14,$15,$16,$17);"},"original":{"errno":1,"code":"SQLITE_ERROR","sql":"INSERT INTO `supplier_documents` (`id`,`supplier_id`,`document_type`,`document_name`,`document_number`,`file_path`,`file_size`,`upload_date`,`expiry_date`,`is_permanent`,`status`,`responsible_person`,`issuing_authority`,`remarks`,`version`,`is_current`,`created_at`,`updated_at`) VALUES (NULL,$1,$2,$3,$4,$5,$6,$7,$8,$9,$10,$11,$12,$13,$14,$15,$16,$17);"},"sql":"INSERT INTO `supplier_documents` (`id`,`supplier_id`,`document_type`,`document_name`,`document_number`,`file_path`,`file_size`,`upload_date`,`expiry_date`,`is_permanent`,`status`,`responsible_person`,`issuing_authority`,`remarks`,`version`,`is_current`,`created_at`,`updated_at`) VALUES (NULL,$1,$2,$3,$4,$5,$6,$7,$8,$9,$10,$11,$12,$13,$14,$15,$16,$17);","parameters":{}}
2025-12-01 17:37:20 [ERROR]: 请求数据: {"supplierId":"4","documentType":"environmental_msds","documentName":"","documentNumber":"","expiryDate":"null","isPermanent":"true","responsiblePerson":"","issuingAuthority":"","remarks":""}
2025-12-01 17:37:20 [ERROR]: 文件信息: {"fieldname":"file","originalname":"ä¾åºåA_è´¨ä¿åè®®_2024.pdf","encoding":"7bit","mimetype":"application/pdf","destination":"D:\\AI\\IFLOW-SQE-Data-Analysis-Assistant-refactored\\uploads\\documents","filename":"1764581840261_供应商A_质保协议_2024.pdf","path":"D:\\AI\\IFLOW-SQE-Data-Analysis-Assistant-refactored\\uploads\\documents\\1764581840261_供应商A_质保协议_2024.pdf","size":596}
2025-12-01 17:37:20 [ERROR]: 上传资料失败: SQLITE_ERROR: table supplier_documents has no column named is_permanent
2025-12-01 17:37:20 [ERROR]: 错误详情: {"name":"SequelizeDatabaseError","parent":{"errno":1,"code":"SQLITE_ERROR","sql":"INSERT INTO `supplier_documents` (`id`,`supplier_id`,`document_type`,`document_name`,`document_number`,`file_path`,`file_size`,`upload_date`,`expiry_date`,`is_permanent`,`status`,`responsible_person`,`issuing_authority`,`remarks`,`version`,`is_current`,`created_at`,`updated_at`) VALUES (NULL,$1,$2,$3,$4,$5,$6,$7,$8,$9,$10,$11,$12,$13,$14,$15,$16,$17);"},"original":{"errno":1,"code":"SQLITE_ERROR","sql":"INSERT INTO `supplier_documents` (`id`,`supplier_id`,`document_type`,`document_name`,`document_number`,`file_path`,`file_size`,`upload_date`,`expiry_date`,`is_permanent`,`status`,`responsible_person`,`issuing_authority`,`remarks`,`version`,`is_current`,`created_at`,`updated_at`) VALUES (NULL,$1,$2,$3,$4,$5,$6,$7,$8,$9,$10,$11,$12,$13,$14,$15,$16,$17);"},"sql":"INSERT INTO `supplier_documents` (`id`,`supplier_id`,`document_type`,`document_name`,`document_number`,`file_path`,`file_size`,`upload_date`,`expiry_date`,`is_permanent`,`status`,`responsible_person`,`issuing_authority`,`remarks`,`version`,`is_current`,`created_at`,`updated_at`) VALUES (NULL,$1,$2,$3,$4,$5,$6,$7,$8,$9,$10,$11,$12,$13,$14,$15,$16,$17);","parameters":{}}
2025-12-01 17:37:20 [ERROR]: 请求数据: {"supplierId":"4","documentType":"environmental_msds","documentName":"","documentNumber":"","expiryDate":"null","isPermanent":"true","responsiblePerson":"","issuingAuthority":"","remarks":""}
2025-12-01 17:37:20 [ERROR]: 文件信息: {"fieldname":"file","originalname":"ä¾åºåA_è´¨ä¿åè®®_2024.pdf","encoding":"7bit","mimetype":"application/pdf","destination":"D:\\AI\\IFLOW-SQE-Data-Analysis-Assistant-refactored\\uploads\\documents","filename":"1764581840403_供应商A_质保协议_2024.pdf","path":"D:\\AI\\IFLOW-SQE-Data-Analysis-Assistant-refactored\\uploads\\documents\\1764581840403_供应商A_质保协议_2024.pdf","size":596}
2025-12-01 17:37:55 [ERROR]: 获取资料列表失败: SQLITE_ERROR: no such column: is_permanent
2025-12-01 17:37:55 [ERROR]: 获取资料列表失败: SQLITE_ERROR: no such column: is_permanent
2025-12-01 17:37:56 [ERROR]: 获取资料列表失败: SQLITE_ERROR: no such column: is_permanent
2025-12-02 01:14:50 [ERROR]: 令牌验证错误: jwt malformed
2025-12-03 15:58:15 [ERROR]: 删除资料失败: sequelize is not defined
2025-12-03 15:58:21 [ERROR]: 删除资料失败: sequelize is not defined
2025-12-03 15:58:23 [ERROR]: 删除资料失败: sequelize is not defined
2025-12-03 16:12:36 [ERROR]: 删除资料失败: sequelize is not defined
2025-12-03 16:12:39 [ERROR]: 删除资料失败: sequelize is not defined
2025-12-03 16:13:53 [ERROR]: 删除资料失败: sequelize is not defined
2025-12-03 16:15:17 [ERROR]: 删除资料失败: sequelize is not defined
2025-12-03 20:26:30 [ERROR]: 文件上传同步失败: The "path" argument must be of type string. Received undefined
2025-12-03 20:26:31 [ERROR]: 文件上传同步失败: The "path" argument must be of type string. Received undefined
2025-12-03 20:41:33 [ERROR]: 令牌验证错误: jwt malformed
2025-12-03 20:58:49 [ERROR]: 文件上传同步失败: The "path" argument must be of type string. Received undefined
2025-12-03 20:58:56 [ERROR]: 文件上传同步失败: The "path" argument must be of type string. Received undefined
2025-12-03 21:23:07 [ERROR]: 文件上传同步失败: The "path" argument must be of type string. Received undefined
2025-12-03 22:32:07 [ERROR]: 文件上传同步失败: The "path" argument must be of type string. Received undefined
2025-12-03 22:32:09 [ERROR]: 文件上传同步失败: The "path" argument must be of type string. Received undefined
2025-12-03 22:35:47 [ERROR]: 文件上传同步失败: The "path" argument must be of type string or an instance of Buffer or URL. Received undefined
2025-12-03 22:35:58 [ERROR]: 文件删除同步失败: Cannot read properties of undefined (reading 'filePath')
2025-12-03 22:36:31 [ERROR]: 文件上传同步失败: dest already exists.
2025-12-03 22:52:31 [ERROR]: 文件上传同步失败: The "path" argument must be of type string. Received undefined
2025-12-03 22:53:04 [ERROR]: 文件上传同步失败: The "path" argument must be of type string. Received undefined
2025-12-03 22:54:16 [ERROR]: 文件上传同步失败: The "path" argument must be of type string. Received undefined
2025-12-03 22:55:01 [ERROR]: 文件上传同步失败: The "path" argument must be of type string. Received undefined
